
=== Sat Nov  4 16:07:29 2023

Packages were changed.
Update Mode: mergeDefaultDependencies

The following packages were added:
  com.unity.modules.ai@1.0.0
  com.unity.modules.androidjni@1.0.0
  com.unity.modules.animation@1.0.0
  com.unity.modules.assetbundle@1.0.0
  com.unity.modules.audio@1.0.0
  com.unity.modules.cloth@1.0.0
  com.unity.modules.director@1.0.0
  com.unity.modules.imageconversion@1.0.0
  com.unity.modules.imgui@1.0.0
  com.unity.modules.jsonserialize@1.0.0
  com.unity.modules.particlesystem@1.0.0
  com.unity.modules.physics@1.0.0
  com.unity.modules.physics2d@1.0.0
  com.unity.modules.screencapture@1.0.0
  com.unity.modules.terrain@1.0.0
  com.unity.modules.terrainphysics@1.0.0
  com.unity.modules.tilemap@1.0.0
  com.unity.modules.ui@1.0.0
  com.unity.modules.uielements@1.0.0
  com.unity.modules.umbra@1.0.0
  com.unity.modules.unityanalytics@1.0.0
  com.unity.modules.unitywebrequest@1.0.0
  com.unity.modules.unitywebrequestassetbundle@1.0.0
  com.unity.modules.unitywebrequestaudio@1.0.0
  com.unity.modules.unitywebrequesttexture@1.0.0
  com.unity.modules.unitywebrequestwww@1.0.0
  com.unity.modules.vehicles@1.0.0
  com.unity.modules.video@1.0.0
  com.unity.modules.vr@1.0.0
  com.unity.modules.wind@1.0.0
  com.unity.modules.xr@1.0.0
The following packages were updated:
  com.unity.collab-proxy from version 1.17.2 to 2.0.7
  com.unity.ide.rider from version 3.0.15 to 3.0.24
  com.unity.ide.visualstudio from version 2.0.16 to 2.0.18
  com.unity.render-pipelines.universal from version 14.0.3 to 14.0.8
  com.unity.timeline from version 1.7.1 to 1.7.5
  com.unity.visualscripting from version 1.7.8 to 1.9.0

=== Sat Nov  4 16:29:36 2023

Packages were changed.
Update Mode: updateDependencies

The following packages were updated:
  com.unity.cinemachine from version 2.8.9 to 2.9.5
  com.unity.inputsystem from version 1.4.4 to 1.7.0
  com.unity.render-pipelines.universal from version 12.1.6 to 14.0.8

=== Sat Nov  4 16:29:36 2023

Packages were changed.
Update Mode: mergeDefaultDependencies

The following packages were added:
  com.unity.cinemachine@2.9.5

=== Sat Nov  4 19:21:21 2023

Packages were changed.
Update Mode: updateDependencies

The following packages were updated:
  com.unity.render-pipelines.universal from version 12.1.12 to 14.0.8

=== Sat Dec 21 21:29:22 2024

Packages were changed.
Update Mode: updateDependencies

The following packages were added:
  com.unity.modules.accessibility@1.0.0
  com.unity.multiplayer.center@1.0.0
The following packages were updated:
  com.unity.cinemachine from version 2.9.7 to 2.10.3
  com.unity.collab-proxy from version 2.0.7 to 2.6.0
  com.unity.ide.rider from version 3.0.24 to 3.0.31
  com.unity.inputsystem from version 1.7.0 to 1.11.2
  com.unity.render-pipelines.universal from version 14.0.8 to 17.0.3
  com.unity.test-framework from version 1.1.33 to 1.4.5
  com.unity.timeline from version 1.7.5 to 1.8.7
  com.unity.ugui from version 1.0.0 to 2.0.0
  com.unity.visualeffectgraph from version 14.0.8 to 17.0.3
  com.unity.visualscripting from version 1.9.0 to 1.9.5
The following packages were removed:
  com.unity.textmeshpro@3.0.6
